<?xml version="1.0" encoding="UTF-8"?>
<testsuite name="com.gorest.cucumber.CucumberRunner" time="2.273" tests="20" errors="0" skipped="2" failures="2">
  <properties>
[...]
</properties>
  <testcase name="When User send post request with name &quot;Prime&quot; gender &quot;male&quot; email &quot;prime@gmail.com&quot; status &quot;active&quot;" classname="| Prime | male | prime@gmail.com | active |" time="0"/>
  <testcase name="Then User should be  created and validate response code 200" classname="| Prime | male | prime@gmail.com | active |" time="0"/>
  <testcase name="| Prime | male | prime@gmail.com | active |" classname="| Prime | male | prime@gmail.com | active |" time="2.146"/>
  <testcase name="| Prime | male | prime@gmail.com | active |" classname="| Prime | male | prime@gmail.com | active |" time="0.062"/>
  <testcase name="| Prime | male | prime@gmail.com | active |" classname="| Prime | male | prime@gmail.com | active |" time="0.005">
    <failure message="1 expectation failed.&#10;Expected status code &lt;201&gt; but was &lt;200&gt;.&#10;" type="java.lang.AssertionError"><![CDATA[java.lang.AssertionError: 1 expectation failed.
Expected status code <201> but was <200>.

	at sun.reflect.NativeConstructorAccessorImpl.newInstance0(Native Method)
	at sun.reflect.NativeConstructorAccessorImpl.newInstance(NativeConstructorAccessorImpl.java:62)
	at sun.reflect.DelegatingConstructorAccessorImpl.newInstance(DelegatingConstructorAccessorImpl.java:45)
	at java.lang.reflect.Constructor.newInstance(Constructor.java:423)
	at org.codehaus.groovy.reflection.CachedConstructor.invoke(CachedConstructor.java:83)
	at org.codehaus.groovy.reflection.CachedConstructor.doConstructorInvoke(CachedConstructor.java:77)
	at org.codehaus.groovy.runtime.callsite.ConstructorSite$ConstructorSiteNoUnwrap.callConstructor(ConstructorSite.java:84)
	at org.codehaus.groovy.runtime.callsite.CallSiteArray.defaultCallConstructor(CallSiteArray.java:60)
	at org.codehaus.groovy.runtime.callsite.AbstractCallSite.callConstructor(AbstractCallSite.java:235)
	at org.codehaus.groovy.runtime.callsite.AbstractCallSite.callConstructor(AbstractCallSite.java:247)
	at io.restassured.internal.ResponseSpecificationImpl$HamcrestAssertionClosure.validate(ResponseSpecificationImpl.groovy:471)
	at io.restassured.internal.ResponseSpecificationImpl$HamcrestAssertionClosure$validate$1.call(Unknown Source)
	at io.restassured.internal.ResponseSpecificationImpl.validateResponseIfRequired(ResponseSpecificationImpl.groovy:636)
	at sun.reflect.NativeMethodAccessorImpl.invoke0(Native Method)
	at sun.reflect.NativeMethodAccessorImpl.invoke(NativeMethodAccessorImpl.java:62)
	at sun.reflect.DelegatingMethodAccessorImpl.invoke(DelegatingMethodAccessorImpl.java:43)
	at java.lang.reflect.Method.invoke(Method.java:498)
	at org.codehaus.groovy.runtime.callsite.PogoMetaMethodSite$PogoCachedMethodSiteNoUnwrapNoCoerce.invoke(PogoMetaMethodSite.java:210)
	at org.codehaus.groovy.runtime.callsite.PogoMetaMethodSite.callCurrent(PogoMetaMethodSite.java:59)
	at org.codehaus.groovy.runtime.callsite.AbstractCallSite.callCurrent(AbstractCallSite.java:166)
	at io.restassured.internal.ResponseSpecificationImpl.statusCode(ResponseSpecificationImpl.groovy:122)
	at io.restassured.specification.ResponseSpecification$statusCode$0.callCurrent(Unknown Source)
	at io.restassured.internal.ResponseSpecificationImpl.statusCode(ResponseSpecificationImpl.groovy:130)
	at io.restassured.internal.ValidatableResponseOptionsImpl.statusCode(ValidatableResponseOptionsImpl.java:117)
	at com.gorest.steps.UsersSteps.getUserByuserID1(UsersSteps.java:59)
	at com.gorest.steps.UsersSteps$$EnhancerByCGLIB$$8531f7fd.CGLIB$getUserByuserID1$4(<generated>)
	at com.gorest.steps.UsersSteps$$EnhancerByCGLIB$$8531f7fd$$FastClassByCGLIB$$a63c97c5.invoke(<generated>)
	at net.sf.cglib.proxy.MethodProxy.invokeSuper(MethodProxy.java:228)
	at net.thucydides.core.steps.StepInterceptor.invokeMethod(StepInterceptor.java:395)
	at net.thucydides.core.steps.StepInterceptor.executeTestStepMethod(StepInterceptor.java:380)
	at net.thucydides.core.steps.StepInterceptor.runTestStep(StepInterceptor.java:355)
	at net.thucydides.core.steps.StepInterceptor.testStepResult(StepInterceptor.java:132)
	at net.thucydides.core.steps.StepInterceptor.intercept(StepInterceptor.java:61)
	at com.gorest.steps.UsersSteps$$EnhancerByCGLIB$$8531f7fd.getUserByuserID1(<generated>)
	at com.gorest.cucumber.steps.UserCRUDSteps.iCheckUserIsUpdatedSuccessfully(UserCRUDSteps.java:56)
	at ✽.And I check user is updated successfully(userCRUDTest.feature:9)
]]></failure>
  </testcase>
  <testcase name="When User send get request" classname="Scenario: Get created user with userId" time="0"/>
  <testcase name="Then validate response code 201" classname="Scenario: Get created user with userId" time="0"/>
  <testcase name="Scenario: Get created user with userId" classname="Scenario: Get created user with userId" time="0.062"/>
  <testcase name="When User send update request with name &quot;Prime&quot; gender &quot;male&quot;  email &quot;prime@gmail.com&quot; status &quot;active&quot;" classname="| Prime | male | prime@gmail.com | active |" time="0"/>
  <testcase name="Then User should be updated and validate status code 200" classname="| Prime | male | prime@gmail.com | active |" time="0"/>
  <testcase name="When User send delete request" classname="Scenario: Delete created user" time="0"/>
  <testcase name="Then User should be deleted and validate response code 204" classname="Scenario: Delete created user" time="0"/>
  <testcase name="Scenario: Delete created user" classname="Scenario: Delete created user" time="0.063"/>
  <testcase name="Given URL is given" classname="| Prime | male | prime@gmail.com | active |" time="0"/>
  <testcase name="When I create user with name &quot;Prime&quot; gender &quot;male&quot; email &quot;prime@gmail.com&quot; status &quot;active&quot;" classname="| Prime | male | prime@gmail.com | active |" time="0"/>
  <testcase name="Then I verify that user is created with &quot;Prime&quot;" classname="| Prime | male | prime@gmail.com | active |" time="0"/>
  <testcase name="And I update user with userId  name &quot;Prime&quot; gender &quot;male&quot; email &quot;prime@gmail.com&quot; status &quot;active&quot;" classname="| Prime | male | prime@gmail.com | active |" time="0"/>
  <testcase name="And I check user is updated successfully" classname="| Prime | male | prime@gmail.com | active |" time="0.002">
    <failure message="1 expectation failed.&#10;Expected status code &lt;201&gt; but was &lt;200&gt;.&#10;" type="java.lang.AssertionError"><![CDATA[java.lang.AssertionError: 1 expectation failed.
Expected status code <201> but was <200>.

	at sun.reflect.NativeConstructorAccessorImpl.newInstance0(Native Method)
	at sun.reflect.NativeConstructorAccessorImpl.newInstance(NativeConstructorAccessorImpl.java:62)
	at sun.reflect.DelegatingConstructorAccessorImpl.newInstance(DelegatingConstructorAccessorImpl.java:45)
	at java.lang.reflect.Constructor.newInstance(Constructor.java:423)
	at org.codehaus.groovy.reflection.CachedConstructor.invoke(CachedConstructor.java:83)
	at org.codehaus.groovy.reflection.CachedConstructor.doConstructorInvoke(CachedConstructor.java:77)
	at org.codehaus.groovy.runtime.callsite.ConstructorSite$ConstructorSiteNoUnwrap.callConstructor(ConstructorSite.java:84)
	at org.codehaus.groovy.runtime.callsite.CallSiteArray.defaultCallConstructor(CallSiteArray.java:60)
	at org.codehaus.groovy.runtime.callsite.AbstractCallSite.callConstructor(AbstractCallSite.java:235)
	at org.codehaus.groovy.runtime.callsite.AbstractCallSite.callConstructor(AbstractCallSite.java:247)
	at io.restassured.internal.ResponseSpecificationImpl$HamcrestAssertionClosure.validate(ResponseSpecificationImpl.groovy:471)
	at io.restassured.internal.ResponseSpecificationImpl$HamcrestAssertionClosure$validate$1.call(Unknown Source)
	at io.restassured.internal.ResponseSpecificationImpl.validateResponseIfRequired(ResponseSpecificationImpl.groovy:636)
	at sun.reflect.NativeMethodAccessorImpl.invoke0(Native Method)
	at sun.reflect.NativeMethodAccessorImpl.invoke(NativeMethodAccessorImpl.java:62)
	at sun.reflect.DelegatingMethodAccessorImpl.invoke(DelegatingMethodAccessorImpl.java:43)
	at java.lang.reflect.Method.invoke(Method.java:498)
	at org.codehaus.groovy.runtime.callsite.PogoMetaMethodSite$PogoCachedMethodSiteNoUnwrapNoCoerce.invoke(PogoMetaMethodSite.java:210)
	at org.codehaus.groovy.runtime.callsite.PogoMetaMethodSite.callCurrent(PogoMetaMethodSite.java:59)
	at org.codehaus.groovy.runtime.callsite.AbstractCallSite.callCurrent(AbstractCallSite.java:166)
	at io.restassured.internal.ResponseSpecificationImpl.statusCode(ResponseSpecificationImpl.groovy:122)
	at io.restassured.specification.ResponseSpecification$statusCode$0.callCurrent(Unknown Source)
	at io.restassured.internal.ResponseSpecificationImpl.statusCode(ResponseSpecificationImpl.groovy:130)
	at io.restassured.internal.ValidatableResponseOptionsImpl.statusCode(ValidatableResponseOptionsImpl.java:117)
	at com.gorest.steps.UsersSteps.getUserByuserID1(UsersSteps.java:59)
	at com.gorest.steps.UsersSteps$$EnhancerByCGLIB$$8531f7fd.CGLIB$getUserByuserID1$4(<generated>)
	at com.gorest.steps.UsersSteps$$EnhancerByCGLIB$$8531f7fd$$FastClassByCGLIB$$a63c97c5.invoke(<generated>)
	at net.sf.cglib.proxy.MethodProxy.invokeSuper(MethodProxy.java:228)
	at net.thucydides.core.steps.StepInterceptor.invokeMethod(StepInterceptor.java:395)
	at net.thucydides.core.steps.StepInterceptor.executeTestStepMethod(StepInterceptor.java:380)
	at net.thucydides.core.steps.StepInterceptor.runTestStep(StepInterceptor.java:355)
	at net.thucydides.core.steps.StepInterceptor.testStepResult(StepInterceptor.java:132)
	at net.thucydides.core.steps.StepInterceptor.intercept(StepInterceptor.java:61)
	at com.gorest.steps.UsersSteps$$EnhancerByCGLIB$$8531f7fd.getUserByuserID1(<generated>)
	at com.gorest.cucumber.steps.UserCRUDSteps.iCheckUserIsUpdatedSuccessfully(UserCRUDSteps.java:56)
	at ✽.And I check user is updated successfully(userCRUDTest.feature:9)
]]></failure>
    <system-out><![CDATA[Request method:	GET
Request URI:	https://gorest.co.in/public/v2/users/37073
Proxy:			<none>
Request params:	<none>
Query params:	<none>
Form params:	<none>
Path params:	userID=37073
Multiparts:		<none>
Headers:		Authorization=Bearer a58049a1423e7d9a9d0f744f34e6a883d3f4228d9f8e198bd163aa265bbf5906
				Accept=*/*
				Content-Type=application/json; charset=UTF-8
Cookies:		<none>
Body:			<none>
]]></system-out>
  </testcase>
  <testcase name="And I delete user with userId" classname="| Prime | male | prime@gmail.com | active |" time="0">
    <skipped/>
  </testcase>
  <testcase name="Then I verify that user is deleted successfully" classname="| Prime | male | prime@gmail.com | active |" time="0">
    <skipped/>
  </testcase>
</testsuite>