<?xml version="1.0" encoding="UTF-8"?><testsuite errors="0" failures="0" name="com.gorest.crudtests.TagsTest" skipped="0" tests="3" time="1.31" timestamp="2023-01-09T23:09:37.742Z[Europe/London]"><testcase classname="com.gorest.crudtests.TagsTest" name="Provided correct HTTP method to access resource and validate response code 200"/><testcase classname="com.gorest.crudtests.TagsTest" name="This test will provide error code 400 when user tries to acces invalid resources"/><testcase classname="com.gorest.crudtests.TagsTest" name="Provide incorrect  HTTP method(ex: used put insted of get) to access resources,and responce should be 404"/></testsuite>