<?xml version="1.0" encoding="UTF-8"?><testsuite errors="0" failures="0" name="com.gorest.crudtests.UsersCRUDTest" skipped="0" tests="4" time="2.26" timestamp="2023-01-09T23:09:39.106Z[Europe/London]"><testcase classname="com.gorest.crudtests.UsersCRUDTest" name="Create a new User"/><testcase classname="com.gorest.crudtests.UsersCRUDTest" name="Verify that user added successfully"/><testcase classname="com.gorest.crudtests.UsersCRUDTest" name="Update user details"/><testcase classname="com.gorest.crudtests.UsersCRUDTest" name="Delete the user"/></testsuite>